<?xml version="1.0" encoding="UTF-8"?>
<!-- Generated by org.testng.reporters.JUnitReportReporter -->
<testsuite hostname="fti-lap-09.futopstech.com" failures="0" tests="1" name="rahulshettyacademy.tests.ErrorValidationTest" time="5.693" errors="0" timestamp="2025-01-16T20:12:40 IST" skipped="0">
  <testcase classname="rahulshettyacademy.tests.ErrorValidationTest" name="LoginError" time="5.693"/>
  <system-out/>
</testsuite> <!-- rahulshettyacademy.tests.ErrorValidationTest -->
